<?xml version="1.0" encoding="UTF-8"?>
<!-- Generated by org.testng.reporters.JUnitReportReporter -->
<testsuite hostname="PC0QYKT7" failures="0" tests="1" name="Scenario.Multiplefiles" time="2568.409" errors="0" timestamp="07 Jun 2021 09:23:54 GMT" skipped="0">
  <testcase classname="Scenario.Multiplefiles" name="multiplefilescenario" time="2568.409"/>
</testsuite> <!-- Scenario.Multiplefiles -->
