<?xml version="1.0" encoding="UTF-8"?>
<!-- Generated by org.testng.reporters.JUnitReportReporter -->
<testsuite hostname="PC0QYKT7" failures="0" tests="1" name="Scenario.Login" time="10.517" errors="0" timestamp="24 May 2021 04:37:07 GMT" skipped="0">
  <testcase classname="Scenario.Login" name="loginScriptinator" time="10.517"/>
</testsuite> <!-- Scenario.Login -->
